<?xml version="1.0" encoding="UTF-8"?>
<!-- Generated by org.testng.reporters.JUnitReportReporter -->
<testsuite hostname="DESKTOP-J2Q457H" failures="0" tests="3" name="tests.TestCase6_Explore_Tab" time="89.678" errors="0" timestamp="2021-12-16T13:17:51 IST" skipped="0">
  <testcase classname="tests.TestCase6_Explore_Tab" name="verify_all_Listing_without_Filter" time="63.190"/>
  <system-out/>
  <testcase classname="tests.TestCase6_Explore_Tab" name="validate_categories_based_activity" time="11.667"/>
  <system-out/>
  <testcase classname="tests.TestCase6_Explore_Tab" name="validate_searching_working" time="14.821"/>
  <system-out/>
</testsuite> <!-- tests.TestCase6_Explore_Tab -->
