<?xml version="1.0" encoding="UTF-8"?>
<!-- Generated by org.testng.reporters.JUnitReportReporter -->
<testsuite hostname="DESKTOP-J2Q457H" failures="0" tests="5" name="tests.TestCase5_Profile_Tab" time="116.654" errors="0" timestamp="2021-12-16T13:17:51 IST" skipped="0">
  <testcase classname="tests.TestCase5_Profile_Tab" name="verify_Login_Name" time="62.220"/>
  <system-out/>
  <testcase classname="tests.TestCase5_Profile_Tab" name="get_all_link_name" time="12.426"/>
  <system-out/>
  <testcase classname="tests.TestCase5_Profile_Tab" name="Edit_Name" time="14.273"/>
  <system-out/>
  <testcase classname="tests.TestCase5_Profile_Tab" name="Verify_Games" time="14.274"/>
  <system-out/>
  <testcase classname="tests.TestCase5_Profile_Tab" name="Verify_Notes" time="13.461"/>
  <system-out/>
</testsuite> <!-- tests.TestCase5_Profile_Tab -->
