<?xml version="1.0" encoding="UTF-8"?>
<!-- Generated by org.testng.reporters.JUnitReportReporter -->
<testsuite hostname="DESKTOP-J2Q457H" failures="0" tests="2" name="tests.TestCase8_Video_steaming" time="80.172" errors="0" timestamp="2021-12-23T13:59:39 IST" skipped="0">
  <testcase classname="tests.TestCase8_Video_steaming" name="validate_video_displayed" time="65.049"/>
  <system-out/>
  <testcase classname="tests.TestCase8_Video_steaming" name="validate_Audio" time="15.123"/>
  <system-out/>
</testsuite> <!-- tests.TestCase8_Video_steaming -->
