<?xml version="1.0" encoding="UTF-8"?>
<!-- Generated by org.testng.reporters.JUnitReportReporter -->
<testsuite hostname="DESKTOP-J2Q457H" failures="0" tests="3" name="tests.TestCase3_LoginScreen_Labels" time="17.318" errors="0" timestamp="2021-12-16T13:17:51 IST" skipped="0">
  <testcase classname="tests.TestCase3_LoginScreen_Labels" name="verifyCreate_LoginLabels" time="17.108"/>
  <system-out/>
  <testcase classname="tests.TestCase3_LoginScreen_Labels" name="verifyHomePageLabels" time="0.128"/>
  <system-out/>
  <testcase classname="tests.TestCase3_LoginScreen_Labels" name="verifyLogoDispalyed" time="0.082"/>
  <system-out/>
</testsuite> <!-- tests.TestCase3_LoginScreen_Labels -->
