<?xml version="1.0" encoding="UTF-8"?>
<!-- Generated by org.testng.reporters.JUnitReportReporter -->
<testsuite hostname="DESKTOP-J2Q457H" failures="0" tests="2" name="tests.TestCase4" time="61.866" errors="0" timestamp="2021-11-29T15:22:16 IST" skipped="0">
  <testcase classname="tests.TestCase4" name="Login_By_Email" time="53.201"/>
  <system-out/>
  <testcase classname="tests.TestCase4" name="validate_BottomMenus_label_name" time="8.665"/>
  <system-out/>
</testsuite> <!-- tests.TestCase4 -->
